Starting TWRP 3.7.1_12-0-202eaed3 on Fri Jan  2 21:11:51 1970
 (pid 558)
I:Lun file '/config/usb_gadget/g1/functions/mass_storage.0/lun.0/file' does not exist, USB storage mode disabled
I:TW_BRIGHTNESS_PATH := /sys/class/backlight/panel0-backlight/brightness
I:Found brightness file at '/sys/class/backlight/panel0-backlight/brightness'
I:TWFunc::Set_Brightness: Setting brightness control to 120
I:TW_EXCLUDE_ENCRYPTED_BACKUPS := true
I:LANG: en
I:AB_OTA_UPDATER := true
boot command: bootonce-bootloader
I:Startup Commands: 
=> Linking mtab
=> Processing /etc/recovery.fstab
I:Reading /etc/recovery.fstab
I:Processing '/system'
I:Created '/system_root' folder.
I:Unhandled flag: 'avb=vbmeta_system'
I:Unhandled flag: 'first_stage_mount'
I:Trying to prepare system from super partition
I:Symlinking /dev/block/dm-2 => /dev/block/bootdevice/by-name/system 
I:Processing '/system_ext'
I:Created '/system_ext' folder.
I:Unhandled flag: 'avb=vbmeta_system'
I:Unhandled flag: 'first_stage_mount'
I:Trying to prepare system_ext from super partition
I:Symlinking /dev/block/dm-3 => /dev/block/bootdevice/by-name/system_ext 
I:Processing '/product'
I:Created '/product' folder.
I:Unhandled flag: 'avb=vbmeta_system'
I:Unhandled flag: 'first_stage_mount'
I:Trying to prepare product from super partition
I:Symlinking /dev/block/dm-1 => /dev/block/bootdevice/by-name/product 
I:Processing '/vendor'
I:Unhandled flag: 'avb'
I:Unhandled flag: 'first_stage_mount'
I:Trying to prepare vendor from super partition
I:Symlinking /dev/block/dm-4 => /dev/block/bootdevice/by-name/vendor 
I:Processing '/odm'
I:Unhandled flag: 'avb'
I:Unhandled flag: 'first_stage_mount'
I:Trying to prepare odm from super partition
I:Processing '/metadata'
I:Created '/metadata' folder.
I:Unhandled flag: 'first_stage_mount'
I:Processing '/data'
I:Unhandled flag: 'latemount'
I:Unhandled flag: 'reservedsize=128M'
I:Unhandled flag: 'sysfs_path=/sys/devices/platform/soc/1d84000.ufshc'
I:Unhandled flag: 'checkpoint=fs'
I:Processing '/sdcard'
I:Processing '/boot'
I:Processing '/misc'
E:Unable to override 'ro.crypto.dm_default_key.options_format.version' due to missing libresetprop
E:Unable to override 'ro.crypto.volume.metadata.method' due to missing libresetprop
I:GetFstabPath: /odm/etc/fstab.default
I:GetFstabPath: /vendor/etc/fstab.default
I:GetFstabPath: /system/etc/fstab.default
I:GetFstabPath: /first_stage_ramdisk/system/etc/fstab.default
I:GetFstabPath: /fstab.default
I:GetFstabPath: /first_stage_ramdisk/fstab.default
I:GetFstabPath: /odm/etc/fstab.qcom
I:GetFstabPath: /vendor/etc/fstab.qcom
I:Fstab: /vendor/etc/fstab.qcom
I:Reading /etc/additional.fstab
I:Processing '/metadata'
I:Unhandled flag: 'first_stage_mount'
I:Processing '/data'
I:Unhandled flag: 'latemount'
I:FBE contents 'aes-256-xts', filenames 'aes-256-cts:v2+inlinecrypt_optimized+wrappedkey_v0'
I:Metadata contents 'aes-256-xts', filenames 'wrappedkey_v0'
I:setting Key_Directory to: /metadata/vold/metadata_encryption
I:Unhandled flag: 'reservedsize=128M'
I:Unhandled flag: 'sysfs_path=/sys/devices/platform/soc/1d84000.ufshc'
I:Unhandled flag: 'checkpoint=fs'
I:Done processing fstab files
I:Property ro.boot.product.vendor.sku not found, trying to get vintf manifest file name from ro.board.platform
I:Separate manifest doesn't exist for 'android.hardware.keymaster'
I:/vendor/etc/vintf/manifest_kona.xml not found. Using default path for manifest.xml
I:PageManager::LoadFileToBuffer loading filename: '/vendor/etc/vintf/manifest.xml' directly
I:Looking for 'android.hardware.keymaster' service in manifest
I:Found fqname in manifest: @4.0::IKeymasterDevice/strongbox
I:Keymaster_Ver::Using keymaster version '4.x' for decryption
Starting the UI...
Skipping adf graphics -- not present in build tree
width: 1080, height: 1920
setting DRM_FORMAT_XBGR8888 and GGL_PIXEL_FORMAT_RGBA_8888
setting DRM_FORMAT_XBGR8888 and GGL_PIXEL_FORMAT_RGBA_8888
number of lms in topology 1
Atomic Commit succeedUsing drm graphics.
I:TWFunc::Set_Brightness: Setting brightness control to 120
TW_SCREEN_BLANK_ON_BOOT := true
I:TWFunc::Set_Brightness: Setting brightness control to 0
Atomic Commit succeedAtomic Commit succeedI:TWFunc::Set_Brightness: Setting brightness control to 120
I:Loading package: splash (/twres/splash.xml)
I:Load XML directly
I:PageManager::LoadFileToBuffer loading filename: '/twres/splash.xml' directly
I:Checking resolution...
I:Loading resources...
I:Loading variables...
I:Loading mouse cursor...
I:Loading pages...
I:Loading page splash
I:Switching packages (splash)
I:Bind mounting flattened apex directory
I:Created '/and-sec' folder.
I:Creating Android Secure: /sdcard/.android_secure
I:Unable to mount '/sdcard'
I:Actual block device: '', current file system: 'vfat'
Unable to recreate and-sec folder.
I:Unable to mount '/sdcard'
I:Actual block device: '', current file system: 'vfat'
I:Unable to mount '/sdcard'
I:Actual block device: '', current file system: 'vfat'
I:Unable to mount '/sdcard'
I:Actual block device: '', current file system: 'vfat'
I:Unable to mount '/sdcard'
I:Actual block device: '', current file system: 'vfat'
I:Unable to mount '/sdcard'
I:Actual block device: '', current file system: 'vfat'
I:Unable to mount '/sdcard'
I:Actual block device: '', current file system: 'vfat'
I:Unable to mount '/sdcard'
I:Actual block device: '', current file system: 'vfat'
I:No recovery folder found. Using default folder.
I:Unable to mount '/sdcard'
I:Actual block device: '', current file system: 'vfat'
I:Backup folder set to '/sdcard/TWRP/BACKUPS/651e69b8'
Updating partition details...
I:checking for twrp app
I:Can't probe device /dev/block/sda23
Failed to mount '/data' (Invalid argument)
I:Actual block device: '/dev/block/sda23', current file system: 'f2fs'
...done
I:Unable to mount '/sdcard'
I:Actual block device: '', current file system: 'vfat'
Unable to mount storage
/super | /dev/block/by-name/super | Size: 0MB
   Flags: Can_Be_Backed_Up IsPresent Can_Flash_Img 
   Alternate_Block_Device: /dev/block/by-name/super
   Display_Name: super
   Backup_Path: /super
   Backup_Name: super
   Backup_Display_Name: Super (system system_ext product vendor)
   Current_File_System: emmc
   Backup_Method: dd

I:Unmounting main partitions...
I:No recovery folder found. Using default folder.
I:Unable to mount '/sdcard'
I:Actual block device: '', current file system: 'vfat'
I:Loading package: TWRP (/sdcard/TWRP/theme/ui.zip)
I:Loading zip theme
I:Loading package: TWRP (/twres/ui.xml)
I:Load XML directly
I:PageManager::LoadFileToBuffer loading filename: '/twres/languages/zh_TW.xml' directly
I:PageManager::LoadFileToBuffer loading filename: '/twres/languages/zh_CN.xml' directly
I:PageManager::LoadFileToBuffer loading filename: '/twres/languages/uk.xml' directly
I:PageManager::LoadFileToBuffer loading filename: '/twres/languages/tr.xml' directly
I:PageManager::LoadFileToBuffer loading filename: '/twres/languages/sv.xml' directly
I:PageManager::LoadFileToBuffer loading filename: '/twres/languages/sl.xml' directly
I:PageManager::LoadFileToBuffer loading filename: '/twres/languages/sk.xml' directly
I:PageManager::LoadFileToBuffer loading filename: '/twres/languages/ru.xml' directly
I:PageManager::LoadFileToBuffer loading filename: '/twres/languages/pt_PT.xml' directly
I:PageManager::LoadFileToBuffer loading filename: '/twres/languages/pt_BR.xml' directly
I:PageManager::LoadFileToBuffer loading filename: '/twres/languages/pl.xml' directly
I:PageManager::LoadFileToBuffer loading filename: '/twres/languages/nl.xml' directly
I:PageManager::LoadFileToBuffer loading filename: '/twres/languages/lk.xml' directly
I:PageManager::LoadFileToBuffer loading filename: '/twres/languages/ja.xml' directly
I:PageManager::LoadFileToBuffer loading filename: '/twres/languages/it.xml' directly
I:PageManager::LoadFileToBuffer loading filename: '/twres/languages/id.xml' directly
I:PageManager::LoadFileToBuffer loading filename: '/twres/languages/hu.xml' directly
I:PageManager::LoadFileToBuffer loading filename: '/twres/languages/fr.xml' directly
I:PageManager::LoadFileToBuffer loading filename: '/twres/languages/es.xml' directly
I:PageManager::LoadFileToBuffer loading filename: '/twres/languages/en.xml' directly
I:PageManager::LoadFileToBuffer loading filename: '/twres/languages/el.xml' directly
I:PageManager::LoadFileToBuffer loading filename: '/twres/languages/de.xml' directly
I:PageManager::LoadFileToBuffer loading filename: '/twres/languages/cz.xml' directly
I:PageManager::LoadFileToBuffer loading filename: '/twres/languages/en.xml' directly
parsing languageFile
parsing languageFile done
I:PageManager::LoadFileToBuffer loading filename: '/twres/ui.xml' directly
I:Checking resolution...
I:Loading resources...
I:Failed to load image from indeterminate013, error -1
I:Loading variables...
I:Loading mouse cursor...
I:Loading pages...
I:Including file: /twres/portrait.xml...
I:PageManager::LoadFileToBuffer loading filename: '/twres/portrait.xml' directly
I:Loading resources...
I:Loading variables...
I:Loading mouse cursor...
I:Loading pages...
I:Loading page main
I:Loading page main2
I:Loading page install
I:Loading page flash_confirm
I:Loading page flash_zip
I:Loading page flash_done
I:Loading page flash_sleep_and_reboot
I:Loading page flashimage_confirm
I:Loading page clear_vars
I:Loading page reboot_system_routine
I:Loading page confirm_action
I:Loading page action_page
I:Loading page singleaction_page
I:Loading page action_complete
I:Loading page filecheck
I:Loading page rebootcheck
I:Loading page wipe
I:Loading page advancedwipe
I:Loading page formatdata
I:Loading page formatdata_confirm
I:Loading page checkpartitionlist
I:Loading page partitionoptions
I:Loading page refreshfilesystem
I:Loading page selectfilesystem
I:Loading page backup
I:Loading page multiuser_warning
I:Loading page backup_options
I:Loading page backupname1
I:Loading page backupname2
I:Loading page backupencryption
I:Loading page backupencryption2
I:Loading page checkbackuppassword
I:Loading page backup_run
I:Loading page restore
I:Unable to open '/sdcard/TWRP/BACKUPS/651e69b8'
I:Loading page restore_force
I:Unable to open '/sdcard/TWRP/BACKUPS'
I:Loading page restore_read
I:Loading page restore_decrypt
I:Loading page try_restore_decrypt
I:Loading page restore_select
I:Loading page renamebackup
I:Loading page restore_run
I:Loading page mount
I:Loading page usb_mount
I:Loading page usb_umount
I:Loading page system_readonly_check
I:Loading page fastbootreboot
I:Loading page reboot
I:Loading page installapp
I:Loading page system_readonly
I:Loading page settings
I:Loading page settings_timezone
I:Loading page settings_screen
I:Loading page settings_vibration
I:Loading page settings_language
I:Loading page copylog
I:Loading page advanced
I:Loading page partsdcardsel
I:Loading page partsdcardcheck
I:Loading page partsdcard
I:Loading page repackselect
I:Loading page repackconfirm
I:Loading page lock
I:Loading page filemanagerlist
I:Loading page filemanageroptions
I:Loading page choosedestinationfolder
I:Loading page filemanagerrenamefile
I:Loading page filemanagerrenamefolder
I:Loading page filemanagerchmod
I:Loading page filemanagerconfirm
I:Loading page filemanageraction
I:Loading page decrypt
I:Loading page decrypt_pattern
I:Loading page decrypt_pin
I:Loading page trydecrypt
I:Loading page canceldecrypt
I:Loading page terminalcommand
I:Loading page fastboot
I:Loading page sideload
I:Loading page fixcontexts
I:Loading page slideout
I:Loading page select_storage
I:Loading page select_language
I:Loading page decrypt_users
I:Loading page changeTwrpFolder
I:Loading page restore_keymaster
I:Set page: 'clear_vars'
I:Set page: 'main2'
I:Switching packages (TWRP)
ro.boot.memcg=1
ro.boot.vbmeta.size=7808
ro.boot.vbmeta.digest=f550fcaafb68b1716919b584c09a773a2d8e0aa09d703b31484e5d5486698e4b
ro.boot.vbmeta.hash_alg=sha256
ro.boot.vbmeta.avb_version=1.0
ro.boot.vbmeta.device_state=unlocked
ro.boot.vbmeta.invalidate_on_error=yes
ro.boot.console=ttyMSM0
ro.boot.dtb_idx=0
ro.boot.baseband=apq
ro.boot.dtbo_idx=9
ro.boot.hardware=qcom
ro.boot.keymaster=1
ro.boot.bootdevice=1d84000.ufshc
ro.boot.veritymode=enforcing
ro.boot.avb_version=1.2
ro.boot.boot_devices=soc/1d84000.ufshc
ro.boot.usbcontroller=a600000.dwc3
ro.boot.verifiedbootstate=orange
ro.baseband=apq
ro.bootmode=unknown
ro.hardware=qcom
ro.revision=0
ro.bootloader=unknown
ro.boottime.adbd=1612220727
ro.boottime.init=1423667394
ro.boottime.init.selinux=32191510
ro.boottime.init.first_stage=28565625
ro.boottime.init.cold_boot_wait=105
ro.boottime.ueventd=1498734425
ro.boottime.recovery=1610934061
ro.boottime.vndservicemanager=1608209425
ro.product.bootimage.name=twrp_kona
ro.product.bootimage.brand=qti
ro.product.bootimage.model=Retroid Pocket 5
ro.product.bootimage.device=kona
ro.product.bootimage.manufacturer=moorechip
ro.bootimage.build.id=SP2A.220405.004
ro.bootimage.build.date=Sat Jul 12 23:00:22 UTC 2025
ro.bootimage.build.date.utc=1752361222
ro.bootimage.build.tags=test-keys
ro.bootimage.build.type=eng
ro.bootimage.build.version.sdk=32
ro.bootimage.build.version.release=127
ro.bootimage.build.version.incremental=eng.runner.20250712.230301
ro.bootimage.build.version.release_or_codename=127
ro.bootimage.build.fingerprint=qti/kona/kona:11/RKQ1.230824.001/RP501212251:user/release-keys
ro.odm.build.date=Sat Jul 12 23:00:22 UTC 2025
ro.odm.build.date.utc=1752361222
ro.odm.build.version.incremental=eng.runner.20250712.230301
ro.odm.build.fingerprint=qti/kona/kona:11/RKQ1.230824.001/RP501212251:user/release-keys
ro.product.odm.name=twrp_kona
ro.product.odm.brand=qti
ro.product.odm.model=Retroid Pocket 5
ro.product.odm.device=kona
ro.product.odm.manufacturer=moorechip
ro.build.id=SP2A.220405.004
ro.build.date=Sat Jul 12 23:00:22 UTC 2025
ro.build.date.utc=1752361222
ro.build.host=pkrvmq0rgcvqdmg
ro.build.tags=test-keys
ro.build.type=eng
ro.build.user=runner
ro.build.flavor=twrp_kona-eng
ro.build.display.id=twrp_kona-eng 127 SP2A.220405.004 eng.runner.20250712.230301 test-keys
ro.build.product=kona
ro.build.version.sdk=32
ro.build.version.base_os=
ro.build.version.release=127
ro.build.version.codename=REL
ro.build.version.incremental=eng.runner.20250712.230301
ro.build.version.preview_sdk=0
ro.build.version.all_codenames=REL
ro.build.version.security_patch=2099-12-31
ro.build.version.release_or_codename=127
ro.build.version.preview_sdk_fingerprint=REL
ro.build.version.min_supported_target_sdk=23
ro.build.description=kona-user 11 RKQ1.230824.001 RP501212251 release-keys
ro.build.characteristics=default
ro.secure=0
ro.system.build.id=SP2A.220405.004
ro.system.build.date=Sat Jul 12 23:00:22 UTC 2025
ro.system.build.date.utc=1752361222
ro.system.build.tags=test-keys
ro.system.build.type=eng
ro.system.build.version.sdk=32
ro.system.build.version.release=127
ro.system.build.version.incremental=eng.runner.20250712.230301
ro.system.build.version.release_or_codename=127
ro.system.build.fingerprint=qti/kona/kona:11/RKQ1.230824.001/RP501212251:user/release-keys
ro.treble.enabled=false
ro.product.cpu.abi=arm64-v8a
ro.product.cpu.abilist=arm64-v8a,armeabi-v7a,armeabi
ro.product.cpu.abilist32=armeabi-v7a,armeabi
ro.product.cpu.abilist64=arm64-v8a
ro.product.name=twrp_kona
ro.product.brand=qti
ro.product.build.id=SP2A.220405.004
ro.product.build.date=Sat Jul 12 23:00:22 UTC 2025
ro.product.build.date.utc=1752361222
ro.product.build.tags=test-keys
ro.product.build.type=eng
ro.product.build.version.sdk=32
ro.product.build.version.release=127
ro.product.build.version.incremental=eng.runner.20250712.230301
ro.product.build.version.release_or_codename=127
ro.product.build.fingerprint=qti/kona/kona:11/RKQ1.230824.001/RP501212251:user/release-keys
ro.product.model=Retroid Pocket 5
ro.product.device=kona
ro.product.system.name=twrp_kona
ro.product.system.brand=qti
ro.product.system.model=Retroid Pocket 5
ro.product.system.device=kona
ro.product.system.manufacturer=moorechip
ro.product.product.name=twrp_kona
ro.product.product.brand=qti
ro.product.product.model=Retroid Pocket 5
ro.product.product.device=kona
ro.product.product.manufacturer=moorechip
ro.product.system_ext.name=twrp_kona
ro.product.system_ext.brand=qti
ro.product.system_ext.model=Retroid Pocket 5
ro.product.system_ext.device=kona
ro.product.system_ext.manufacturer=moorechip
ro.product.manufacturer=moorechip
ro.debuggable=1
ro.system_ext.build.id=SP2A.220405.004
ro.system_ext.build.date=Sat Jul 12 23:00:22 UTC 2025
ro.system_ext.build.date.utc=1752361222
ro.system_ext.build.tags=test-keys
ro.system_ext.build.type=eng
ro.system_ext.build.version.sdk=32
ro.system_ext.build.version.release=127
ro.system_ext.build.version.incremental=eng.runner.20250712.230301
ro.system_ext.build.version.release_or_codename=127
ro.system_ext.build.fingerprint=qti/kona/kona:11/RKQ1.230824.001/RP501212251:user/release-keys
ro.actionable_compatible_property.enabled=true
ro.vendor.build.id=SP2A.220405.004
ro.vendor.build.date=Sat Jul 12 23:00:22 UTC 2025
ro.vendor.build.date.utc=1752361222
ro.vendor.build.tags=test-keys
ro.vendor.build.type=eng
ro.vendor.build.version.sdk=32
ro.vendor.build.version.release=127
ro.vendor.build.version.incremental=eng.runner.20250712.230301
ro.vendor.build.version.release_or_codename=127
ro.vendor.build.fingerprint=qti/kona/kona:11/RKQ1.230824.001/RP501212251:user/release-keys
ro.vendor.product.cpu.abilist=arm64-v8a,armeabi-v7a,armeabi
ro.vendor.product.cpu.abilist32=armeabi-v7a,armeabi
ro.vendor.product.cpu.abilist64=arm64-v8a
ro.product.board=kona
ro.product.vendor.name=twrp_kona
ro.product.vendor.brand=qti
ro.product.vendor.model=Retroid Pocket 5
ro.product.vendor.device=kona
ro.product.vendor.manufacturer=moorechip
ro.cold_boot_done=true
ro.bionic.arch=arm64
ro.bionic.2nd_arch=arm
ro.bionic.cpu_variant=generic
ro.bionic.2nd_cpu_variant=cortex-a9
ro.dalvik.vm.native.bridge=0
ro.zygote=zygote64_32
dalvik.vm.isa.arm.variant=cortex-a9
dalvik.vm.isa.arm.features=default
dalvik.vm.isa.arm64.variant=generic
dalvik.vm.isa.arm64.features=default
dalvik.vm.dexopt.secondary=true
dalvik.vm.dexopt.thermal-cutoff=2
dalvik.vm.usejit=true
dalvik.vm.madvise.artfile.size=4294967295
dalvik.vm.madvise.odexfile.size=104857600
dalvik.vm.madvise.vdexfile.size=104857600
dalvik.vm.lockprof.threshold=500
dalvik.vm.dex2oat-Xms=64m
dalvik.vm.dex2oat-Xmx=512m
dalvik.vm.minidebuginfo=true
dalvik.vm.appimageformat=lz4
dalvik.vm.usejitprofiles=true
dalvik.vm.image-dex2oat-Xms=64m
dalvik.vm.image-dex2oat-Xmx=64m
dalvik.vm.image-dex2oat-filter=extract
dalvik.vm.dex2oat-minidebuginfo=true
dalvik.vm.dex2oat-max-image-block-size=524288
dalvik.vm.dex2oat-resolve-startup-strings=true
dalvik.vm.dex2oat-updatable-bcp-packages-file=/system/etc/updatable-bcp-packages.txt
persist.sys.dalvik.vm.lib.2=libart.so
debug.atrace.tags.enableflags=0
ro.twrp.boot=1
ro.twrp.version=3.7.1_12-0
ro.twrp.fastbootd=0
ro.wifi.channels=
ro.allow.mock.location=1
ro.build.selinux=1
ro.iorapd.enable=true
ro.kernel.android.checkjni=1
ro.kernel.version=4.19
ro.system.product.cpu.abilist=arm64-v8a,armeabi-v7a,armeabi
ro.system.product.cpu.abilist32=armeabi-v7a,armeabi
ro.system.product.cpu.abilist64=arm64-v8a
ro.product.locale=en-US
ro.postinstall.fstab.prefix=/system
fbe.contents=aes-256-xts
fbe.filenames=aes-256-cts:v2+inlinecrypt_optimized+wrappedkey_v0
twrp.apex.loaded=true
twrp.apex.flattened=true
twrp.super.symlinks_created=true
twrp.crash_counter=0
twrp.action_complete=0
fstab.additional=1
metadata.contents=aes-256-xts
metadata.filenames=wrappedkey_v0
keymaster_ver=4.x
ro.boot.slot_suffix=_b
ro.boot.fstab_suffix=default
ro.hwui.use_vulkan=
ro.board.platform=kona
ro.build.ab_update=true
ro.carrier=unknown
pm.dexopt.ab-ota=speed-profile
pm.dexopt.shared=speed
pm.dexopt.cmdline=verify
pm.dexopt.install=speed-profile
pm.dexopt.inactive=verify
pm.dexopt.bg-dexopt=speed-profile
pm.dexopt.first-boot=extract
pm.dexopt.install-bulk=speed-profile
pm.dexopt.install-fast=skip
pm.dexopt.install-bulk-secondary=verify
pm.dexopt.install-bulk-downgraded=verify
pm.dexopt.install-bulk-secondary-downgraded=extract
ro.build.fingerprint=qti/twrp_kona/kona:127/SP2A.220405.004/eng.runner.20250712.230301:eng/test-keys
ro.gsid.image_running=0
gsid.image_installed=0
init.svc.ueventd=running
init.svc.recovery=running
init.svc.vndservicemanager=running
init.svc.adbd=restarting
init.svc_debug_pid.adbd=559
init.svc_debug_pid.ueventd=547
init.svc_debug_pid.recovery=558
init.svc_debug_pid.vndservicemanager=557
keyguard.no_require_sim=true
log.tag.stats_log=I
ro.logd.size.stats=64K
ro.product.ab_ota_partitions=odm,system,system_ext,vendor,product
persist.debug.dalvik.vm.core_platform_api_policy=just-warn
pm.dexopt.post-boot=extract
pm.dexopt.boot-after-ota=extract
ro.property_service.version=2
ro.minui.pixel_format=RGBX_8888
ro.minui.overscan_percent=0
ro.boot.serialno=651e69b8
ro.serialno=651e69b8
service.adb.root=1
ro.sf.lcd_density=360
dev.mnt.blk.odm=
dev.mnt.blk.apex=dm-2
dev.mnt.blk.vendor=
dev.mnt.blk.product=
dev.mnt.blk.system_root=
net.bt.name=Android
persist.sys.usb.config=adb
persist.sys.disable_rescue=true
ro.config.ringtone=Ring_Synth_04.ogg
ro.config.alarm_alert=Alarm_Classic.ogg
ro.config.notification_sound=OnTheHunt.ogg
ro.com.android.dataroaming=true
tombstoned.max_tombstone_count=50
persist.traced.enable=1
sys.usb.config=adb
sys.usb.configfs=1
sys.usb.controller=a600000.dwc3
ro.odm.build.id=SP2A.220405.004
ro.odm.build.tags=test-keys
ro.odm.build.type=eng
ro.odm.build.version.sdk=32
ro.odm.build.version.release=127
ro.odm.build.version.release_or_codename=127
ro.odm.product.cpu.abilist=arm64-v8a,armeabi-v7a,armeabi
ro.odm.product.cpu.abilist32=armeabi-v7a,armeabi
ro.odm.product.cpu.abilist64=arm64-v8a
ro.vendor.build.security_patch=2099-12-31

SELinux contexts loaded from /file_contexts
Full SELinux support is present.
I:No recovery folder found. Using default folder.
I:Unable to mount '/sdcard'
I:Actual block device: '', current file system: 'vfat'
I:Switching packages (TWRP)


Partition Logs:
/system_root | /dev/block/dm-2 | Size: 1345MB Used: 1341MB Free: 4MB Backup Size: 1341MB
   Flags: Can_Be_Mounted IsPresent SlotSelect Mount_Read_Only Is_Super 
   Primary_Block_Device: /dev/block/dm-2
   Display_Name: System
   Storage_Name: System
   Backup_Path: /system_root
   Backup_Name: system
   Backup_Display_Name: System
   Storage_Path: /system_root
   Current_File_System: ext4
   Fstab_File_System: ext4
   Backup_Method: files
   Mount_Flags: 0, Mount_Options: barrier=1,discard

/system_ext | /dev/block/dm-3 | Size: 499MB Used: 497MB Free: 1MB Backup Size: 497MB
   Flags: Can_Be_Mounted IsPresent SlotSelect Mount_Read_Only Is_Super 
   Primary_Block_Device: /dev/block/dm-3
   Display_Name: System_EXT
   Storage_Name: System_EXT
   Backup_Path: /system_ext
   Backup_Name: System_EXT
   Backup_Display_Name: System_EXT
   Storage_Path: /system_ext
   Current_File_System: ext4
   Fstab_File_System: ext4
   Backup_Method: files
   Mount_Flags: 0, Mount_Options: barrier=1,discard

/product | /dev/block/dm-1 | Size: 875MB Used: 872MB Free: 2MB Backup Size: 872MB
   Flags: Can_Be_Mounted IsPresent SlotSelect Mount_Read_Only Is_Super 
   Primary_Block_Device: /dev/block/dm-1
   Display_Name: Product
   Storage_Name: Product
   Backup_Path: /product
   Backup_Name: Product
   Backup_Display_Name: Product
   Storage_Path: /product
   Current_File_System: ext4
   Fstab_File_System: ext4
   Backup_Method: files
   Mount_Flags: 0, Mount_Options: barrier=1,discard

/vendor | /dev/block/dm-4 | Size: 1801MB Used: 1796MB Free: 5MB Backup Size: 1796MB
   Flags: Can_Be_Mounted IsPresent SlotSelect Mount_Read_Only Is_Super 
   Primary_Block_Device: /dev/block/dm-4
   Display_Name: Vendor
   Storage_Name: Vendor
   Backup_Path: /vendor
   Backup_Name: vendor
   Backup_Display_Name: Vendor
   Storage_Path: /vendor
   Current_File_System: ext4
   Fstab_File_System: ext4
   Backup_Method: files
   Mount_Flags: 0, Mount_Options: barrier=1,discard

/odm | /dev/block/dm-0 | Size: 0MB Used: 0MB Free: 0MB Backup Size: 0MB
   Flags: Can_Be_Mounted IsPresent SlotSelect Mount_Read_Only Is_Super 
   Primary_Block_Device: /dev/block/dm-0
   Display_Name: ODM
   Storage_Name: ODM
   Backup_Path: /odm
   Backup_Name: ODM
   Backup_Display_Name: ODM
   Storage_Path: /odm
   Current_File_System: ext4
   Fstab_File_System: ext4
   Backup_Method: files
   Mount_Flags: 0, Mount_Options: barrier=1,discard

/sdcard |  | Size: 0MB Used: 0MB Free: 0MB Backup Size: 0MB
   Flags: Can_Be_Mounted Can_Be_Wiped Can_Be_Backed_Up Wipe_Available_in_GUI Removable Has_Android_Secure Is_Storage 
   Symlink_Path: /sdcard/.android_secure
   Symlink_Mount_Point: /and-sec
   Primary_Block_Device: /dev/block/mmcblk0p1
   Display_Name: sdcard
   Storage_Name: sdcard
   Backup_Path: /and-sec
   Backup_Name: and-sec
   Backup_Display_Name: Android Secure
   Storage_Path: /sdcard
   Current_File_System: vfat
   Fstab_File_System: vfat
   Backup_Method: files
   Mount_Flags: 6, Mount_Options: 
   MTP_Storage_ID: 65537

/boot |  | Size: 0MB
   Flags: Can_Be_Backed_Up Can_Flash_Img 
   Primary_Block_Device: /dev/block/bootdevice/by-name/boot
   Display_Name: Boot
   Storage_Name: boot
   Backup_Path: /boot
   Backup_Name: boot
   Backup_Display_Name: Boot
   Storage_Path: /boot
   Current_File_System: emmc
   Fstab_File_System: emmc
   Backup_Method: dd

/misc | /dev/block/sda15 | Size: 1MB
   Flags: IsPresent 
   Primary_Block_Device: /dev/block/sda15
   Display_Name: misc
   Storage_Name: misc
   Backup_Path: /misc
   Backup_Name: misc
   Backup_Display_Name: misc
   Storage_Path: /misc
   Current_File_System: emmc
   Fstab_File_System: emmc
   Backup_Method: dd

/metadata | /dev/block/sda18 | Size: 57MB Used: 0MB Free: 57MB Backup Size: 0MB
   Flags: Can_Be_Mounted Can_Be_Wiped Wipe_Available_in_GUI IsPresent 
   Primary_Block_Device: /dev/block/sda18
   Display_Name: Metadata
   Storage_Name: Metadata
   Backup_Path: /metadata
   Backup_Name: metadata
   Backup_Display_Name: Metadata
   Storage_Path: /metadata
   Current_File_System: ext4
   Fstab_File_System: ext4
   Backup_Method: files
   Mount_Flags: 1030, Mount_Options: discard

/data | /dev/block/sda23 | Size: 0MB Used: 0MB Free: 0MB Backup Size: 0MB
   Flags: Can_Be_Mounted Can_Be_Wiped Can_Be_Backed_Up Wipe_During_Factory_Reset Wipe_Available_in_GUI IsPresent Can_Encrypt_Backup Use_Userdata_Encryption 
   Primary_Block_Device: /dev/block/sda23
   Display_Name: Data
   Storage_Name: Data
   Backup_Path: /data
   Backup_Name: data
   Backup_Display_Name: Data
   Storage_Path: /data
   Current_File_System: f2fs
   Fstab_File_System: f2fs
   Backup_Method: files
   Mount_Flags: 1030, Mount_Options: discard,reserve_root=32768,resgid=1065,fsync_mode=nobarrier,inlinecrypt
   Metadata Key Directory: /metadata/vold/metadata_encryption

/super | /dev/block/by-name/super | Size: 0MB
   Flags: Can_Be_Backed_Up IsPresent Can_Flash_Img 
   Alternate_Block_Device: /dev/block/by-name/super
   Display_Name: super
   Backup_Path: /super
   Backup_Name: super
   Backup_Display_Name: Super (system system_ext product vendor)
   Current_File_System: emmc
   Backup_Method: dd

I:No recovery folder found. Using default folder.
I:Unable to mount '/sdcard'
I:Actual block device: '', current file system: 'vfat'
I:Attempt to load settings from settings file...
I:InfoManager file '.twrps' not found.
I:No recovery folder found. Using default folder.
I:Unable to mount '/sdcard'
I:Actual block device: '', current file system: 'vfat'
I:Backup folder set to '/sdcard/TWRP/BACKUPS/651e69b8'
I:Unable to open: /data/recovery/.version. Data may be unmounted. Error: No such file or directory
I:Unable to mount '/sdcard'
I:Actual block device: '', current file system: 'vfat'
I:TWFunc::Set_Brightness: Setting brightness control to 120
I:Starting MTP
I:Cannot find file /sys/class/android_usb/android0/idVendor
I:Cannot find file /sys/class/android_usb/android0/idProduct
MTP Enabled
I:[MTP] Starting MTP
I:Recreating /data/recovery/ folder.
I:Can't probe device /dev/block/sda23
I:Unable to mount '/data'
I:Actual block device: '/dev/block/sda23', current file system: 'f2fs'
I:Can't probe device /dev/block/sda23
I:Unable to mount '/data'
I:Actual block device: '/dev/block/sda23', current file system: 'f2fs'
I:Path /data/recovery/log.gz does not exist. Unable to copy file to /data/recovery/last_log.gz
I:Can't probe device /dev/block/sda23
I:Unable to mount '/data'
I:Actual block device: '/dev/block/sda23', current file system: 'f2fs'
I:Starting Adb Backup FIFO
I:PageManager::LoadFileToBuffer loading filename: '/twres/languages/en.xml' directly
parsing languageFile
parsing languageFile done
I:Translating partition display names
I:No recovery folder found. Using default folder.
I:Unable to mount '/sdcard'
I:Actual block device: '', current file system: 'vfat'
I:Backup folder set to '/sdcard/TWRP/BACKUPS/651e69b8'
I:checking for twrp app
I:Can't probe device /dev/block/sda23
I:Unable to mount '/data'
I:Actual block device: '/dev/block/sda23', current file system: 'f2fs'
I:Data partition cannot be mounted during app check
I:App not installed
I:Switching packages (TWRP)
I:Set page: 'main'
I:Set page: 'clear_vars'
I:Set page: 'main2'
E:[MTP] could not open MTP driver, errno: 2
I:Cannot find file /sys/class/timed_output/vibrator/enable
I:Set page: 'install'
I:Cannot find file /sys/class/timed_output/vibrator/enable
I:Cannot find file /sys/class/timed_output/vibrator/enable
I:Set overlay: 'select_storage'
I:Unable to mount '/sdcard'
I:Actual block device: '', current file system: 'vfat'
I:Cannot find file /sys/class/timed_output/vibrator/enable
I:Cannot find file /sys/class/timed_output/vibrator/enable
I:Set overlay: ''
I:Set page: 'clear_vars'
I:Set page: 'install'
I:Cannot find file /sys/class/timed_output/vibrator/enable
I:Set page: 'main'
I:Set page: 'clear_vars'
I:Set page: 'main2'
I:Cannot find file /sys/class/timed_output/vibrator/enable
I:Set overlay: 'slideout'
I:Cannot find file /sys/class/timed_output/vibrator/enable
I:Set overlay: ''
I:Cannot find file /sys/class/timed_output/vibrator/enable
I:Set page: 'advanced'
I:Cannot find file /sys/class/timed_output/vibrator/enable
I:Set page: 'main'
I:Set page: 'clear_vars'
I:Set page: 'main2'
I:Cannot find file /sys/class/timed_output/vibrator/enable
I:Set page: 'reboot'
I:Cannot find file /sys/class/timed_output/vibrator/enable
I:Set page: 'main'
I:Set page: 'clear_vars'
I:Set page: 'main2'
I:Cannot find file /sys/class/timed_output/vibrator/enable
I:Set page: 'mount'
I:Cannot find file /sys/class/timed_output/vibrator/enable
I:Unable to mount '/sdcard'
I:Actual block device: '', current file system: 'vfat'
I:Cannot find file /sys/class/timed_output/vibrator/enable
I:Cannot find file /sys/class/timed_output/vibrator/enable
I:Cannot find file /sys/class/timed_output/vibrator/enable
I:Cannot find file /sys/class/timed_output/vibrator/enable
I:Cannot find file /sys/class/timed_output/vibrator/enable
matches was 1 on <</dev/b>>
matches was 1 on <</dev/b>>
matches was 1 on <</dev/b>>
matches was 1 on <</dev/b>>
matches was 1 on <</dev/b>>
matches was 1 on <</dev/b>>
matches was 1 on <</dev/b>>
matches was 1 on <</dev/b>>
matches was 1 on <</dev/b>>
matches was 1 on <</dev/b>>
matches was 1 on <</dev/b>>
matches was 1 on <</dev/b>>
matches was 1 on <</dev/b>>
matches was 1 on <</dev/b>>
matches was 1 on <</dev/b>>
matches was 1 on <</dev/b>>
matches was 1 on <</dev/b>>
matches was 1 on <</dev/b>>
matches was 1 on <</dev/b>>
matches was 1 on <</dev/b>>
matches was 1 on <</dev/b>>
matches was 1 on <</dev/b>>
matches was 1 on <</dev/b>>
matches was 1 on <</dev/b>>
matches was 1 on <</dev/b>>
matches was 1 on <</dev/b>>
matches was 1 on <</dev/b>>
matches was 1 on <</dev/b>>
matches was 1 on <</dev/b>>
matches was 1 on <</dev/b>>
matches was 1 on <</dev/b>>
matches was 1 on <</dev/b>>
matches was 1 on <</dev/b>>
matches was 1 on <</dev/b>>
matches was 1 on <</dev/b>>
matches was 1 on <</dev/b>>
matches was 1 on <</dev/b>>
matches was 1 on <</dev/b>>
matches was 1 on <</dev/b>>
matches was 1 on <</dev/b>>
matches was 1 on <</dev/b>>
matches was 1 on <</dev/b>>
matches was 1 on <</dev/b>>
matches was 1 on <</dev/b>>
matches was 1 on <</dev/b>>
matches was 1 on <</dev/b>>
matches was 1 on <</dev/b>>
matches was 1 on <</dev/b>>
matches was 1 on <</dev/b>>
matches was 1 on <</dev/b>>
matches was 1 on <</dev/b>>
matches was 1 on <</dev/b>>
matches was 1 on <</dev/b>>
matches was 1 on <</dev/b>>
matches was 1 on <</dev/b>>
matches was 1 on <</dev/b>>
matches was 1 on <</dev/b>>
matches was 1 on <</dev/b>>
matches was 1 on <</dev/b>>
matches was 1 on <</dev/b>>
matches was 1 on <</dev/b>>
matches was 1 on <</dev/b>>
matches was 1 on <</dev/b>>
matches was 1 on <</dev/b>>
matches was 1 on <</dev/b>>
matches was 1 on <</dev/b>>
matches was 1 on <</dev/b>>
matches was 1 on <</dev/b>>
matches was 1 on <</dev/b>>
matches was 1 on <</dev/b>>
matches was 1 on <</dev/b>>
matches was 1 on <</dev/b>>
I:Cannot find file /sys/class/timed_output/vibrator/enable
matches was 1 on <</dev/b>>
matches was 1 on <</dev/b>>
matches was 1 on <</dev/b>>
matches was 1 on <</dev/b>>
matches was 1 on <</dev/b>>
matches was 1 on <</dev/b>>
matches was 1 on <</dev/b>>
matches was 1 on <</dev/b>>
matches was 1 on <</dev/b>>
matches was 1 on <</dev/b>>
matches was 1 on <</dev/b>>
matches was 1 on <</dev/b>>
matches was 1 on <</dev/b>>
matches was 1 on <</dev/b>>
matches was 1 on <</dev/b>>
matches was 1 on <</dev/b>>
matches was 1 on <</dev/b>>
matches was 1 on <</dev/b>>
matches was 1 on <</dev/b>>
matches was 1 on <</dev/b>>
matches was 1 on <</dev/b>>
matches was 1 on <</dev/b>>
matches was 1 on <</dev/b>>
matches was 1 on <</dev/b>>
I:Can't probe device /dev/block/sda23
Failed to mount '/data' (Invalid argument)
I:Actual block device: '/dev/block/sda23', current file system: 'f2fs'
I:Cannot find file /sys/class/timed_output/vibrator/enable
matches was 1 on <</dev/b>>
matches was 1 on <</dev/b>>
matches was 1 on <</dev/b>>
matches was 1 on <</dev/b>>
matches was 1 on <</dev/b>>
matches was 1 on <</dev/b>>
matches was 1 on <</dev/b>>
matches was 1 on <</dev/b>>
matches was 1 on <</dev/b>>
matches was 1 on <</dev/b>>
matches was 1 on <</dev/b>>
matches was 1 on <</dev/b>>
matches was 1 on <</dev/b>>
matches was 1 on <</dev/b>>
matches was 1 on <</dev/b>>
matches was 1 on <</dev/b>>
matches was 1 on <</dev/b>>
matches was 1 on <</dev/b>>
matches was 1 on <</dev/b>>
matches was 1 on <</dev/b>>
matches was 1 on <</dev/b>>
matches was 1 on <</dev/b>>
matches was 1 on <</dev/b>>
matches was 1 on <</dev/b>>
matches was 1 on <</dev/b>>
matches was 1 on <</dev/b>>
matches was 1 on <</dev/b>>
matches was 1 on <</dev/b>>
matches was 1 on <</dev/b>>
matches was 1 on <</dev/b>>
matches was 1 on <</dev/b>>
matches was 1 on <</dev/b>>
matches was 1 on <</dev/b>>
matches was 1 on <</dev/b>>
matches was 1 on <</dev/b>>
matches was 1 on <</dev/b>>
matches was 1 on <</dev/b>>
matches was 1 on <</dev/b>>
I:Cannot find file /sys/class/timed_output/vibrator/enable
matches was 1 on <</dev/b>>
matches was 1 on <</dev/b>>
matches was 1 on <</dev/b>>
matches was 1 on <</dev/b>>
matches was 1 on <</dev/b>>
matches was 1 on <</dev/b>>
matches was 1 on <</dev/b>>
matches was 1 on <</dev/b>>
matches was 1 on <</dev/b>>
matches was 1 on <</dev/b>>
matches was 1 on <</dev/b>>
matches was 1 on <</dev/b>>
matches was 1 on <</dev/b>>
matches was 1 on <</dev/b>>
matches was 1 on <</dev/b>>
matches was 1 on <</dev/b>>
matches was 1 on <</dev/b>>
matches was 1 on <</dev/b>>
matches was 1 on <</dev/b>>
matches was 1 on <</dev/b>>
matches was 1 on <</dev/b>>
matches was 1 on <</dev/b>>
matches was 1 on <</dev/b>>
matches was 1 on <</dev/b>>
matches was 1 on <</dev/b>>
matches was 1 on <</dev/b>>
matches was 1 on <</dev/b>>
matches was 1 on <</dev/b>>
matches was 1 on <</dev/b>>
matches was 1 on <</dev/b>>
matches was 1 on <</dev/b>>
matches was 1 on <</dev/b>>
matches was 1 on <</dev/b>>
matches was 1 on <</dev/b>>
matches was 1 on <</dev/b>>
matches was 1 on <</dev/b>>
I:Can't probe device /dev/block/sda23
Failed to mount '/data' (Invalid argument)
I:Actual block device: '/dev/block/sda23', current file system: 'f2fs'
I:Cannot find file /sys/class/timed_output/vibrator/enable
matches was 1 on <</dev/b>>
matches was 1 on <</dev/b>>
matches was 1 on <</dev/b>>
matches was 1 on <</dev/b>>
matches was 1 on <</dev/b>>
matches was 1 on <</dev/b>>
matches was 1 on <</dev/b>>
matches was 1 on <</dev/b>>
matches was 1 on <</dev/b>>
matches was 1 on <</dev/b>>
matches was 1 on <</dev/b>>
matches was 1 on <</dev/b>>
matches was 1 on <</dev/b>>
matches was 1 on <</dev/b>>
matches was 1 on <</dev/b>>
matches was 1 on <</dev/b>>
matches was 1 on <</dev/b>>
matches was 1 on <</dev/b>>
matches was 1 on <</dev/b>>
matches was 1 on <</dev/b>>
matches was 1 on <</dev/b>>
matches was 1 on <</dev/b>>
matches was 1 on <</dev/b>>
matches was 1 on <</dev/b>>
matches was 1 on <</dev/b>>
matches was 1 on <</dev/b>>
matches was 1 on <</dev/b>>
matches was 1 on <</dev/b>>
matches was 1 on <</dev/b>>
matches was 1 on <</dev/b>>
matches was 1 on <</dev/b>>
matches was 1 on <</dev/b>>
matches was 1 on <</dev/b>>
matches was 1 on <</dev/b>>
matches was 1 on <</dev/b>>
matches was 1 on <</dev/b>>
I:Cannot find file /sys/class/timed_output/vibrator/enable
matches was 1 on <</dev/b>>
matches was 1 on <</dev/b>>
matches was 1 on <</dev/b>>
matches was 1 on <</dev/b>>
I:Set page: 'main'
I:Set page: 'clear_vars'
I:Set page: 'main2'
I:Cannot find file /sys/class/timed_output/vibrator/enable
I:Set page: 'install'
I:Cannot find file /sys/class/timed_output/vibrator/enable
I:Set overlay: 'select_storage'
I:Cannot find file /sys/class/timed_output/vibrator/enable
I:Set overlay: ''
I:Set page: 'clear_vars'
I:Set page: 'install'
I:Cannot find file /sys/class/timed_output/vibrator/enable
I:Set page: 'main'
I:Set page: 'clear_vars'
I:Set page: 'main2'
I:Cannot find file /sys/class/timed_output/vibrator/enable
I:Set page: 'wipe'
I:Cannot find file /sys/class/timed_output/vibrator/enable
I:Set page: 'main'
I:Set page: 'clear_vars'
I:Set page: 'main2'
I:Cannot find file /sys/class/timed_output/vibrator/enable
I:Set page: 'wipe'
I:Cannot find file /sys/class/timed_output/vibrator/enable
I:Set page: 'advancedwipe'
I:Cannot find file /sys/class/timed_output/vibrator/enable
I:Cannot find file /sys/class/timed_output/vibrator/enable
I:Set page: 'action_page'
I:operation_start: 'Format'
I:wipe list 'DALVIK;'
I:wipe_path 'DALVIK'
I:Can't probe device /dev/block/sda23
Failed to mount '/data' (Invalid argument)
I:Actual block device: '/dev/block/sda23', current file system: 'f2fs'
Failed to wipe dalvik
Updating partition details...
I:checking for twrp app
I:Can't probe device /dev/block/sda23
Failed to mount '/data' (Invalid argument)
I:Actual block device: '/dev/block/sda23', current file system: 'f2fs'
...done
matches was 1 on <</dev/b>>
I:Unable to mount '/sdcard'
I:Actual block device: '', current file system: 'vfat'
Unable to mount storage
I:Set page: 'action_complete'
I:operation_end - status=1
I:TWFunc::Set_Brightness: Setting brightness control to 5
I:TWFunc::Set_Brightness: Setting brightness control to 120
I:Cannot find file /sys/class/timed_output/vibrator/enable
I:Set page: 'clear_vars'
I:Set page: 'advancedwipe'
I:Cannot find file /sys/class/timed_output/vibrator/enable
I:Set page: 'wipe'
I:Cannot find file /sys/class/timed_output/vibrator/enable
I:Set page: 'main'
I:Set page: 'clear_vars'
I:Set page: 'main2'
I:Cannot find file /sys/class/timed_output/vibrator/enable
I:Set page: 'mount'
matches was 1 on <</dev/b>>
matches was 1 on <</dev/b>>
matches was 1 on <</dev/b>>
matches was 1 on <</dev/b>>
matches was 1 on <</dev/b>>
matches was 1 on <</dev/b>>
matches was 1 on <</dev/b>>
matches was 1 on <</dev/b>>
matches was 1 on <</dev/b>>
matches was 1 on <</dev/b>>
matches was 1 on <</dev/b>>
matches was 1 on <</dev/b>>
matches was 1 on <</dev/b>>
matches was 1 on <</dev/b>>
matches was 1 on <</dev/b>>
matches was 1 on <</dev/b>>
matches was 1 on <</dev/b>>
matches was 1 on <</dev/b>>
matches was 1 on <</dev/b>>
matches was 1 on <</dev/b>>
matches was 1 on <</dev/b>>
matches was 1 on <</dev/b>>
matches was 1 on <</dev/b>>
matches was 1 on <</dev/b>>
matches was 1 on <</dev/b>>
matches was 1 on <</dev/b>>
matches was 1 on <</dev/b>>
matches was 1 on <</dev/b>>
matches was 1 on <</dev/b>>
matches was 1 on <</dev/b>>
matches was 1 on <</dev/b>>
matches was 1 on <</dev/b>>
matches was 1 on <</dev/b>>
matches was 1 on <</dev/b>>
matches was 1 on <</dev/b>>
matches was 1 on <</dev/b>>
matches was 1 on <</dev/b>>
matches was 1 on <</dev/b>>
matches was 1 on <</dev/b>>
matches was 1 on <</dev/b>>
matches was 1 on <</dev/b>>
matches was 1 on <</dev/b>>
matches was 1 on <</dev/b>>
matches was 1 on <</dev/b>>
matches was 1 on <</dev/b>>
matches was 1 on <</dev/b>>
matches was 1 on <</dev/b>>
matches was 1 on <</dev/b>>
matches was 1 on <</dev/b>>
matches was 1 on <</dev/b>>
matches was 1 on <</dev/b>>
matches was 1 on <</dev/b>>
matches was 1 on <</dev/b>>
matches was 1 on <</dev/b>>
matches was 1 on <</dev/b>>
matches was 1 on <</dev/b>>
matches was 1 on <</dev/b>>
matches was 1 on <</dev/b>>
matches was 1 on <</dev/b>>
matches was 1 on <</dev/b>>
matches was 1 on <</dev/b>>
matches was 1 on <</dev/b>>
matches was 1 on <</dev/b>>
matches was 1 on <</dev/b>>
matches was 1 on <</dev/b>>
matches was 1 on <</dev/b>>
matches was 1 on <</dev/b>>
matches was 1 on <</dev/b>>
matches was 1 on <</dev/b>>
matches was 1 on <</dev/b>>
matches was 1 on <</dev/b>>
matches was 1 on <</dev/b>>
matches was 1 on <</dev/b>>
matches was 1 on <</dev/b>>
matches was 1 on <</dev/b>>
matches was 1 on <</dev/b>>
matches was 1 on <</dev/b>>
matches was 1 on <</dev/b>>
matches was 1 on <</dev/b>>
matches was 1 on <</dev/b>>
matches was 1 on <</dev/b>>
matches was 1 on <</dev/b>>
matches was 1 on <</dev/b>>
matches was 1 on <</dev/b>>
matches was 1 on <</dev/b>>
matches was 1 on <</dev/b>>
matches was 1 on <</dev/b>>
matches was 1 on <</dev/b>>
matches was 1 on <</dev/b>>
matches was 1 on <</dev/b>>
matches was 1 on <</dev/b>>
matches was 1 on <</dev/b>>
matches was 1 on <</dev/b>>
matches was 1 on <</dev/b>>
matches was 1 on <</dev/b>>
I:Cannot find file /sys/class/timed_output/vibrator/enable
matches was 1 on <</dev/b>>
matches was 1 on <</dev/b>>
I:Set page: 'main'
I:Set page: 'clear_vars'
I:Set page: 'main2'
I:Cannot find file /sys/class/timed_output/vibrator/enable
I:Set page: 'install'
I:Cannot find file /sys/class/timed_output/vibrator/enable
I:Set overlay: 'select_storage'
matches was 1 on <</dev/b>>
matches was 1 on <</dev/b>>
matches was 1 on <</dev/b>>
matches was 1 on <</dev/b>>
matches was 1 on <</dev/b>>
matches was 1 on <</dev/b>>
matches was 1 on <</dev/b>>
matches was 1 on <</dev/b>>
matches was 1 on <</dev/b>>
matches was 1 on <</dev/b>>
I:No recovery folder found. Using default folder.
matches was 1 on <</dev/b>>
I:Backup folder set to '/sdcard/TWRP/BACKUPS/651e69b8'
I:Cannot find file /sys/class/timed_output/vibrator/enable
I:Cannot find file /sys/class/timed_output/vibrator/enable
I:Set overlay: ''
I:Set page: 'clear_vars'
I:Set page: 'install'
I:Cannot find file /sys/class/timed_output/vibrator/enable
I:Set page: 'main'
I:Set page: 'clear_vars'
I:Set page: 'main2'
I:Cannot find file /sys/class/timed_output/vibrator/enable
I:Set page: 'advanced'
I:Cannot find file /sys/class/timed_output/vibrator/enable
I:Set page: 'main'
I:Set page: 'clear_vars'
I:Set page: 'main2'
I:Cannot find file /sys/class/timed_output/vibrator/enable
I:Set page: 'restore'
I:Unable to open '/sdcard/TWRP/BACKUPS/651e69b8'
I:Unable to open '/sdcard/TWRP/BACKUPS'
I:Cannot find file /sys/class/timed_output/vibrator/enable
I:Set page: 'main'
I:Set page: 'clear_vars'
I:Set page: 'main2'
I:Cannot find file /sys/class/timed_output/vibrator/enable
I:Set page: 'mount'
matches was 1 on <</dev/b>>
matches was 1 on <</dev/b>>
matches was 1 on <</dev/b>>
matches was 1 on <</dev/b>>
matches was 1 on <</dev/b>>
matches was 1 on <</dev/b>>
matches was 1 on <</dev/b>>
matches was 1 on <</dev/b>>
matches was 1 on <</dev/b>>
matches was 1 on <</dev/b>>
matches was 1 on <</dev/b>>
matches was 1 on <</dev/b>>
matches was 1 on <</dev/b>>
matches was 1 on <</dev/b>>
matches was 1 on <</dev/b>>
matches was 1 on <</dev/b>>
matches was 1 on <</dev/b>>
matches was 1 on <</dev/b>>
matches was 1 on <</dev/b>>
matches was 1 on <</dev/b>>
matches was 1 on <</dev/b>>
matches was 1 on <</dev/b>>
matches was 1 on <</dev/b>>
matches was 1 on <</dev/b>>
matches was 1 on <</dev/b>>
matches was 1 on <</dev/b>>
matches was 1 on <</dev/b>>
matches was 1 on <</dev/b>>
matches was 1 on <</dev/b>>
matches was 1 on <</dev/b>>
matches was 1 on <</dev/b>>
matches was 1 on <</dev/b>>
matches was 1 on <</dev/b>>
matches was 1 on <</dev/b>>
matches was 1 on <</dev/b>>
matches was 1 on <</dev/b>>
matches was 1 on <</dev/b>>
matches was 1 on <</dev/b>>
matches was 1 on <</dev/b>>
matches was 1 on <</dev/b>>
matches was 1 on <</dev/b>>
matches was 1 on <</dev/b>>
matches was 1 on <</dev/b>>
matches was 1 on <</dev/b>>
matches was 1 on <</dev/b>>
matches was 1 on <</dev/b>>
matches was 1 on <</dev/b>>
matches was 1 on <</dev/b>>
matches was 1 on <</dev/b>>
matches was 1 on <</dev/b>>
matches was 1 on <</dev/b>>
matches was 1 on <</dev/b>>
matches was 1 on <</dev/b>>
matches was 1 on <</dev/b>>
matches was 1 on <</dev/b>>
matches was 1 on <</dev/b>>
matches was 1 on <</dev/b>>
matches was 1 on <</dev/b>>
matches was 1 on <</dev/b>>
matches was 1 on <</dev/b>>
matches was 1 on <</dev/b>>
matches was 1 on <</dev/b>>
I:Cannot find file /sys/class/timed_output/vibrator/enable
matches was 1 on <</dev/b>>
matches was 1 on <</dev/b>>
matches was 1 on <</dev/b>>
matches was 1 on <</dev/b>>
matches was 1 on <</dev/b>>
matches was 1 on <</dev/b>>
matches was 1 on <</dev/b>>
matches was 1 on <</dev/b>>
matches was 1 on <</dev/b>>
matches was 1 on <</dev/b>>
matches was 1 on <</dev/b>>
matches was 1 on <</dev/b>>
matches was 1 on <</dev/b>>
matches was 1 on <</dev/b>>
matches was 1 on <</dev/b>>
matches was 1 on <</dev/b>>
matches was 1 on <</dev/b>>
matches was 1 on <</dev/b>>
matches was 1 on <</dev/b>>
matches was 1 on <</dev/b>>
matches was 1 on <</dev/b>>
matches was 1 on <</dev/b>>
matches was 1 on <</dev/b>>
matches was 1 on <</dev/b>>
matches was 1 on <</dev/b>>
matches was 1 on <</dev/b>>
matches was 1 on <</dev/b>>
I:sending message to remove 65537
I:error sending message to remove storage 65537
matches was 1 on <</dev/b>>
I:Cannot find file /sys/class/timed_output/vibrator/enable
matches was 1 on <</dev/b>>
matches was 1 on <</dev/b>>
matches was 1 on <</dev/b>>
matches was 1 on <</dev/b>>
matches was 1 on <</dev/b>>
matches was 1 on <</dev/b>>
matches was 1 on <</dev/b>>
matches was 1 on <</dev/b>>
matches was 1 on <</dev/b>>
matches was 1 on <</dev/b>>
matches was 1 on <</dev/b>>
matches was 1 on <</dev/b>>
matches was 1 on <</dev/b>>
matches was 1 on <</dev/b>>
matches was 1 on <</dev/b>>
matches was 1 on <</dev/b>>
matches was 1 on <</dev/b>>
matches was 1 on <</dev/b>>
matches was 1 on <</dev/b>>
matches was 1 on <</dev/b>>
I:Cannot find file /sys/class/timed_output/vibrator/enable
matches was 1 on <</dev/b>>
matches was 1 on <</dev/b>>
matches was 1 on <</dev/b>>
matches was 1 on <</dev/b>>
matches was 1 on <</dev/b>>
matches was 1 on <</dev/b>>
matches was 1 on <</dev/b>>
matches was 1 on <</dev/b>>
matches was 1 on <</dev/b>>
matches was 1 on <</dev/b>>
matches was 1 on <</dev/b>>
matches was 1 on <</dev/b>>
matches was 1 on <</dev/b>>
matches was 1 on <</dev/b>>
matches was 1 on <</dev/b>>
matches was 1 on <</dev/b>>
matches was 1 on <</dev/b>>
matches was 1 on <</dev/b>>
matches was 1 on <</dev/b>>
matches was 1 on <</dev/b>>
matches was 1 on <</dev/b>>
matches was 1 on <</dev/b>>
matches was 1 on <</dev/b>>
matches was 1 on <</dev/b>>
I:sending message to add 65537 '/sdcard' 'SD card'
I:error sending message to add storage 65537
I:Cannot find file /sys/class/timed_output/vibrator/enable
matches was 1 on <</dev/b>>
matches was 1 on <</dev/b>>
matches was 1 on <</dev/b>>
matches was 1 on <</dev/b>>
matches was 1 on <</dev/b>>
matches was 1 on <</dev/b>>
matches was 1 on <</dev/b>>
matches was 1 on <</dev/b>>
matches was 1 on <</dev/b>>
matches was 1 on <</dev/b>>
matches was 1 on <</dev/b>>
matches was 1 on <</dev/b>>
matches was 1 on <</dev/b>>
matches was 1 on <</dev/b>>
matches was 1 on <</dev/b>>
matches was 1 on <</dev/b>>
matches was 1 on <</dev/b>>
matches was 1 on <</dev/b>>
matches was 1 on <</dev/b>>
matches was 1 on <</dev/b>>
matches was 1 on <</dev/b>>
matches was 1 on <</dev/b>>
matches was 1 on <</dev/b>>
matches was 1 on <</dev/b>>
matches was 1 on <</dev/b>>
matches was 1 on <</dev/b>>
matches was 1 on <</dev/b>>
matches was 1 on <</dev/b>>
matches was 1 on <</dev/b>>
matches was 1 on <</dev/b>>
matches was 1 on <</dev/b>>
matches was 1 on <</dev/b>>
matches was 1 on <</dev/b>>
matches was 1 on <</dev/b>>
I:Cannot find file /sys/class/timed_output/vibrator/enable
matches was 1 on <</dev/b>>
matches was 1 on <</dev/b>>
matches was 1 on <</dev/b>>
matches was 1 on <</dev/b>>
I:Set page: 'main'
I:Set page: 'clear_vars'
I:Set page: 'main2'
I:Cannot find file /sys/class/timed_output/vibrator/enable
I:Set page: 'install'
I:Cannot find file /sys/class/timed_output/vibrator/enable
I:Set overlay: 'select_storage'
matches was 1 on <</dev/b>>
matches was 1 on <</dev/b>>
I:No recovery folder found. Using default folder.
matches was 1 on <</dev/b>>
I:Backup folder set to '/sdcard/TWRP/BACKUPS/651e69b8'
I:Cannot find file /sys/class/timed_output/vibrator/enable
I:Cannot find file /sys/class/timed_output/vibrator/enable
I:Set overlay: ''
I:Set page: 'clear_vars'
I:Set page: 'install'
I:Cannot find file /sys/class/timed_output/vibrator/enable
I:Cannot find file /sys/class/timed_output/vibrator/enable
I:Set page: 'main'
I:Set page: 'clear_vars'
I:Set page: 'main2'
I:Cannot find file /sys/class/timed_output/vibrator/enable
I:Set page: 'install'
I:Cannot find file /sys/class/timed_output/vibrator/enable
I:Set page: 'main'
I:Set page: 'clear_vars'
I:Set page: 'main2'
I:Cannot find file /sys/class/timed_output/vibrator/enable
I:Set page: 'mount'
matches was 1 on <</dev/b>>
matches was 1 on <</dev/b>>
matches was 1 on <</dev/b>>
matches was 1 on <</dev/b>>
matches was 1 on <</dev/b>>
matches was 1 on <</dev/b>>
matches was 1 on <</dev/b>>
matches was 1 on <</dev/b>>
matches was 1 on <</dev/b>>
matches was 1 on <</dev/b>>
matches was 1 on <</dev/b>>
matches was 1 on <</dev/b>>
matches was 1 on <</dev/b>>
matches was 1 on <</dev/b>>
matches was 1 on <</dev/b>>
matches was 1 on <</dev/b>>
matches was 1 on <</dev/b>>
matches was 1 on <</dev/b>>
matches was 1 on <</dev/b>>
matches was 1 on <</dev/b>>
matches was 1 on <</dev/b>>
matches was 1 on <</dev/b>>
matches was 1 on <</dev/b>>
I:Cannot find file /sys/class/timed_output/vibrator/enable
matches was 1 on <</dev/b>>
matches was 1 on <</dev/b>>
matches was 1 on <</dev/b>>
matches was 1 on <</dev/b>>
matches was 1 on <</dev/b>>
matches was 1 on <</dev/b>>
I:Set page: 'main'
I:Set page: 'clear_vars'
I:Set page: 'main2'
I:Cannot find file /sys/class/timed_output/vibrator/enable
I:Set page: 'settings'
I:Cannot find file /sys/class/timed_output/vibrator/enable
I:Set page: 'main'
I:Set page: 'clear_vars'
I:Set page: 'main2'
I:Cannot find file /sys/class/timed_output/vibrator/enable
I:Set page: 'advanced'
I:Cannot find file /sys/class/timed_output/vibrator/enable
I:Set page: 'copylog'
I:Cannot find file /sys/class/timed_output/vibrator/enable
I:Cannot find file /sys/class/timed_output/vibrator/enable
I:Set page: 'action_page'
I:operation_start: 'Copy Log'
matches was 1 on <</dev/b>>
matches was 1 on <</dev/b>>
